Arguments: 
  /Users/jtomsic/.nvm/versions/node/v10.16.0/bin/node /Users/jtomsic/.yarn/bin/yarn.js add tessaract.js

PATH: 
  /Users/jtomsic/.yarn/bin:/Users/jtomsic/.config/yarn/global/node_modules/.bin:/Users/jtomsic/.nvm/versions/node/v10.16.0/bin:/usr/local/Cellar/php/7.2.7/bin:/Users/jtomsic/bin:/usr/local/bin:/Library/Frameworks/Python.framework/Versions/3.7/bin:/usr/local/bin:/usr/bin:/bin:/usr/sbin:/sbin:/opt/X11/bin:/Library/Frameworks/Mono.framework/Versions/Current/Commands:/Users/jtomsic/.yarn/bin:/Users/jtomsic/.config/yarn/global/node_modules/.bin:/usr/local/Cellar/php/7.2.7/bin:/Users/jtomsic/bin:/Library/Frameworks/Python.framework/Versions/3.7/bin

Yarn version: 
  1.22.4

Node version: 
  10.16.0

Platform: 
  darwin x64

Trace: 
  Error: https://artifactory.foc.zone/artifactory/api/npm/npm-public-virtual/tessaract.js: not_found
      at Request.params.callback [as _callback] (/Users/jtomsic/.yarn/lib/cli.js:66987:18)
      at Request.self.callback (/Users/jtomsic/.yarn/lib/cli.js:140748:22)
      at Request.emit (events.js:198:13)
      at Request.<anonymous> (/Users/jtomsic/.yarn/lib/cli.js:141720:10)
      at Request.emit (events.js:198:13)
      at IncomingMessage.<anonymous> (/Users/jtomsic/.yarn/lib/cli.js:141642:12)
      at Object.onceWrapper (events.js:286:20)
      at IncomingMessage.emit (events.js:203:15)
      at endReadableNT (_stream_readable.js:1129:12)
      at process._tickCallback (internal/process/next_tick.js:63:19)

npm manifest: 
  {
    "name": "sudoku",
    "version": "1.0.0",
    "description": "sudoku ocr",
    "license": "MIT",
    "scripts": {
      "start": "ts-node src/index.ts"
    },
    "dependencies": {
      "@types/node": "^14.0.1",
      "image-size": "^0.8.3",
      "ts-node": "^8.10.1",
      "typescript": "^3.9.2"
    }
  }

yarn manifest: 
  No manifest

Lockfile: 
  # THIS IS AN AUTOGENERATED FILE. DO NOT EDIT THIS FILE DIRECTLY.
  # yarn lockfile v1
  
  
  "@types/node@^14.0.1":
    version "14.0.1"
    resolved "https://artifactory.foc.zone:443/artifactory/api/npm/npm-public-virtual/@types/node/-/node-14.0.1.tgz#5d93e0a099cd0acd5ef3d5bde3c086e1f49ff68c"
    integrity sha1-XZPgoJnNCs1e89W948CG4fSf9ow=
  
  arg@^4.1.0:
    version "4.1.3"
    resolved "https://artifactory.foc.zone:443/artifactory/api/npm/npm-public-virtual/arg/-/arg-4.1.3.tgz#269fc7ad5b8e42cb63c896d5666017261c144089"
    integrity sha1-Jp/HrVuOQstjyJbVZmAXJhwUQIk=
  
  buffer-from@^1.0.0:
    version "1.1.1"
    resolved "https://artifactory.foc.zone:443/artifactory/api/npm/npm-public-virtual/buffer-from/-/buffer-from-1.1.1.tgz#32713bc028f75c02fdb710d7c7bcec1f2c6070ef"
    integrity sha1-MnE7wCj3XAL9txDXx7zsHyxgcO8=
  
  diff@^4.0.1:
    version "4.0.2"
    resolved "https://artifactory.foc.zone:443/artifactory/api/npm/npm-public-virtual/diff/-/diff-4.0.2.tgz#60f3aecb89d5fae520c11aa19efc2bb982aade7d"
    integrity sha1-YPOuy4nV+uUgwRqhnvwruYKq3n0=
  
  image-size@^0.8.3:
    version "0.8.3"
    resolved "https://artifactory.foc.zone:443/artifactory/api/npm/npm-public-virtual/image-size/-/image-size-0.8.3.tgz#f0b568857e034f29baffd37013587f2c0cad8b46"
    integrity sha1-8LVohX4DTym6/9NwE1h/LAyti0Y=
    dependencies:
      queue "6.0.1"
  
  inherits@~2.0.3:
    version "2.0.4"
    resolved "https://artifactory.foc.zone:443/artifactory/api/npm/npm-public-virtual/inherits/-/inherits-2.0.4.tgz#0fa2c64f932917c3433a0ded55363aae37416b7c"
    integrity sha1-D6LGT5MpF8NDOg3tVTY6rjdBa3w=
  
  make-error@^1.1.1:
    version "1.3.6"
    resolved "https://artifactory.foc.zone:443/artifactory/api/npm/npm-public-virtual/make-error/-/make-error-1.3.6.tgz#2eb2e37ea9b67c4891f684a1394799af484cf7a2"
    integrity sha1-LrLjfqm2fEiR9oShOUeZr0hM96I=
  
  queue@6.0.1:
    version "6.0.1"
    resolved "https://artifactory.foc.zone:443/artifactory/api/npm/npm-public-virtual/queue/-/queue-6.0.1.tgz#abd5a5b0376912f070a25729e0b6a7d565683791"
    integrity sha1-q9WlsDdpEvBwolcp4Lan1WVoN5E=
    dependencies:
      inherits "~2.0.3"
  
  source-map-support@^0.5.17:
    version "0.5.19"
    resolved "https://artifactory.foc.zone:443/artifactory/api/npm/npm-public-virtual/source-map-support/-/source-map-support-0.5.19.tgz#a98b62f86dcaf4f67399648c085291ab9e8fed61"
    integrity sha1-qYti+G3K9PZzmWSMCFKRq56P7WE=
    dependencies:
      buffer-from "^1.0.0"
      source-map "^0.6.0"
  
  source-map@^0.6.0:
    version "0.6.1"
    resolved "https://artifactory.foc.zone:443/artifactory/api/npm/npm-public-virtual/source-map/-/source-map-0.6.1.tgz#74722af32e9614e9c287a8d0bbde48b5e2f1a263"
    integrity sha1-dHIq8y6WFOnCh6jQu95IteLxomM=
  
  ts-node@^8.10.1:
    version "8.10.1"
    resolved "https://artifactory.foc.zone:443/artifactory/api/npm/npm-public-virtual/ts-node/-/ts-node-8.10.1.tgz#77da0366ff8afbe733596361d2df9a60fc9c9bd3"
    integrity sha1-d9oDZv+K++czWWNh0t+aYPycm9M=
    dependencies:
      arg "^4.1.0"
      diff "^4.0.1"
      make-error "^1.1.1"
      source-map-support "^0.5.17"
      yn "3.1.1"
  
  typescript@^3.9.2:
    version "3.9.2"
    resolved "https://artifactory.foc.zone:443/artifactory/api/npm/npm-public-virtual/typescript/-/typescript-3.9.2.tgz#64e9c8e9be6ea583c54607677dd4680a1cf35db9"
    integrity sha1-ZOnI6b5upYPFRgdnfdRoChzzXbk=
  
  yn@3.1.1:
    version "3.1.1"
    resolved "https://artifactory.foc.zone:443/artifactory/api/npm/npm-public-virtual/yn/-/yn-3.1.1.tgz#1e87401a09d767c1d5eab26a6e4c185182d2eb50"
    integrity sha1-HodAGgnXZ8HV6rJqbkwYUYLS61A=
